<?xml version="1.0" encoding="UTF-8"?>
<coverage generated="1693315785">
  <project timestamp="1693315785">
    <file name="/home/runner/work/count-words/count-words/src/WordCounter.php">
      <class name="Apie\CountWords\WordCounter" namespace="global">
        <metrics complexity="5" methods="1" coveredmethods="0" conditionals="0" coveredconditionals="0" statements="12" coveredstatements="11" elements="13" coveredelements="11"/>
      </class>
      <line num="16" type="method" name="countFromString" visibility="public" complexity="4" crap="4.01" count="3"/>
      <line num="19" type="stmt" count="3"/>
      <line num="22" type="stmt" count="3"/>
      <line num="25" type="stmt" count="3"/>
      <line num="28" type="stmt" count="3"/>
      <line num="31" type="stmt" count="3"/>
      <line num="33" type="stmt" count="3"/>
      <line num="34" type="stmt" count="3"/>
      <line num="35" type="stmt" count="0"/>
      <line num="38" type="stmt" count="3"/>
      <line num="39" type="stmt" count="3"/>
      <line num="41" type="stmt" count="3"/>
      <line num="45" type="stmt" count="3"/>
      <metrics loc="48" ncloc="35" classes="1" methods="1" coveredmethods="0" conditionals="0" coveredconditionals="0" statements="12" coveredstatements="11" elements="13" coveredelements="11"/>
    </file>
    <metrics files="1" loc="48" ncloc="35" classes="1" methods="1" coveredmethods="0" conditionals="0" coveredconditionals="0" statements="12" coveredstatements="11" elements="13" coveredelements="11"/>
  </project>
</coverage>
